[debug] [2025-11-30T04:39:23.254Z] ----------------------------------------------------------------------
[debug] [2025-11-30T04:39:23.255Z] Command:       C:\Program Files\nodejs\node.exe C:\Users\camde\AppData\Roaming\npm\node_modules\firebase-tools\lib\bin\firebase.js init
[debug] [2025-11-30T04:39:23.256Z] CLI Version:   14.26.0
[debug] [2025-11-30T04:39:23.256Z] Platform:      win32
[debug] [2025-11-30T04:39:23.256Z] Node Version:  v22.19.0
[debug] [2025-11-30T04:39:23.256Z] Time:          Sat Nov 29 2025 22:39:23 GMT-0600 (Central Standard Time)
[debug] [2025-11-30T04:39:23.256Z] ----------------------------------------------------------------------
[debug] 
[info] 
     ######## #### ########  ######## ########     ###     ######  ########
     ##        ##  ##     ## ##       ##     ##  ##   ##  ##       ##
     ######    ##  ########  ######   ########  #########  ######  ######
     ##        ##  ##    ##  ##       ##     ## ##     ##       ## ##
     ##       #### ##     ## ######## ########  ##     ##  ######  ########

You're about to initialize a Firebase project in this directory:

  C:\Users\camde\EvenApp

[info] 
=== Project Setup
[info] 
[info] First, let's associate this project directory with a Firebase project.
[info] You can create multiple project aliases by running firebase use --add, 
[info] 
[debug] [2025-11-30T04:39:30.659Z] > command requires scopes: ["email","openid","https://www.googleapis.com/auth/cloudplatformprojects.readonly","https://www.googleapis.com/auth/firebase","https://www.googleapis.com/auth/cloud-platform"]
[debug] [2025-11-30T04:39:30.659Z] > authorizing via signed-in user (camdenslade04@gmail.com)
[debug] [2025-11-30T04:39:30.660Z] Checked if tokens are valid: true, expires at: 1764481122322
[debug] [2025-11-30T04:39:30.660Z] Checked if tokens are valid: true, expires at: 1764481122322
[debug] [2025-11-30T04:39:30.661Z] >>> [apiv2][query] GET https://firebase.googleapis.com/v1beta1/projects/even-dating [none]
[debug] [2025-11-30T04:39:30.911Z] <<< [apiv2][status] GET https://firebase.googleapis.com/v1beta1/projects/even-dating 200
[debug] [2025-11-30T04:39:30.911Z] <<< [apiv2][body] GET https://firebase.googleapis.com/v1beta1/projects/even-dating {"projectId":"even-dating","projectNumber":"801278672018","displayName":"Even Dating","name":"projects/even-dating","resources":{"hostingSite":"even-dating"},"state":"ACTIVE","etag":"1_5c8219e5-4f77-456c-934d-079d94fc4270"}
[info] i  Using project even-dating (Even Dating) . 
[info] 
=== App Hosting Setup
[debug] [2025-11-30T04:39:30.920Z] Checked if tokens are valid: true, expires at: 1764481122322
[debug] [2025-11-30T04:39:30.921Z] Checked if tokens are valid: true, expires at: 1764481122322
[debug] [2025-11-30T04:39:30.921Z] >>> [apiv2][query] GET https://cloudbilling.googleapis.com/v1/projects/even-dating/billingInfo [none]
[debug] [2025-11-30T04:39:31.314Z] <<< [apiv2][status] GET https://cloudbilling.googleapis.com/v1/projects/even-dating/billingInfo 200
[debug] [2025-11-30T04:39:31.314Z] <<< [apiv2][body] GET https://cloudbilling.googleapis.com/v1/projects/even-dating/billingInfo {"name":"projects/even-dating/billingInfo","projectId":"even-dating","billingAccountName":"billingAccounts/011190-E4D05F-9EDB22","billingEnabled":true}
[debug] [2025-11-30T04:39:31.315Z] Checked if tokens are valid: true, expires at: 1764481122322
[debug] [2025-11-30T04:39:31.315Z] Checked if tokens are valid: true, expires at: 1764481122322
[debug] [2025-11-30T04:39:31.315Z] >>> [apiv2][query] GET https://serviceusage.googleapis.com/v1/projects/even-dating/services/firebaseapphosting.googleapis.com [none]
[debug] [2025-11-30T04:39:31.315Z] >>> [apiv2][(partial)header] GET https://serviceusage.googleapis.com/v1/projects/even-dating/services/firebaseapphosting.googleapis.com x-goog-quota-user=projects/even-dating
[debug] [2025-11-30T04:39:31.661Z] <<< [apiv2][status] GET https://serviceusage.googleapis.com/v1/projects/even-dating/services/firebaseapphosting.googleapis.com 200
[debug] [2025-11-30T04:39:31.662Z] <<< [apiv2][body] GET https://serviceusage.googleapis.com/v1/projects/even-dating/services/firebaseapphosting.googleapis.com [omitted]
[debug] [2025-11-30T04:39:31.662Z] Checked if tokens are valid: true, expires at: 1764481122322
[debug] [2025-11-30T04:39:31.662Z] Checked if tokens are valid: true, expires at: 1764481122322
[debug] [2025-11-30T04:39:31.662Z] >>> [apiv2][query] POST https://serviceusage.googleapis.com/v1/projects/even-dating/services/firebaseapphosting.googleapis.com:enable [none]
[debug] [2025-11-30T04:39:31.662Z] >>> [apiv2][(partial)header] POST https://serviceusage.googleapis.com/v1/projects/even-dating/services/firebaseapphosting.googleapis.com:enable x-goog-quota-user=projects/even-dating
[debug] [2025-11-30T04:39:32.085Z] <<< [apiv2][status] POST https://serviceusage.googleapis.com/v1/projects/even-dating/services/firebaseapphosting.googleapis.com:enable 200
[debug] [2025-11-30T04:39:32.086Z] <<< [apiv2][body] POST https://serviceusage.googleapis.com/v1/projects/even-dating/services/firebaseapphosting.googleapis.com:enable [omitted]
[debug] [2025-11-30T04:39:42.101Z] Checked if tokens are valid: true, expires at: 1764481122322
[debug] [2025-11-30T04:39:42.102Z] Checked if tokens are valid: true, expires at: 1764481122322
[debug] [2025-11-30T04:39:42.102Z] Checked if tokens are valid: true, expires at: 1764481122322
[debug] [2025-11-30T04:39:42.102Z] Checked if tokens are valid: true, expires at: 1764481122322
[debug] [2025-11-30T04:39:42.102Z] Checked if tokens are valid: true, expires at: 1764481122322
[debug] [2025-11-30T04:39:42.102Z] Checked if tokens are valid: true, expires at: 1764481122322
[debug] [2025-11-30T04:39:42.102Z] Checked if tokens are valid: true, expires at: 1764481122322
[debug] [2025-11-30T04:39:42.102Z] Checked if tokens are valid: true, expires at: 1764481122322
[debug] [2025-11-30T04:39:42.102Z] Checked if tokens are valid: true, expires at: 1764481122322
[debug] [2025-11-30T04:39:42.103Z] Checked if tokens are valid: true, expires at: 1764481122322
[debug] [2025-11-30T04:39:42.103Z] Checked if tokens are valid: true, expires at: 1764481122322
[debug] [2025-11-30T04:39:42.103Z] Checked if tokens are valid: true, expires at: 1764481122322
[debug] [2025-11-30T04:39:42.103Z] >>> [apiv2][query] GET https://serviceusage.googleapis.com/v1/projects/even-dating/services/developerconnect.googleapis.com [none]
[debug] [2025-11-30T04:39:42.103Z] >>> [apiv2][(partial)header] GET https://serviceusage.googleapis.com/v1/projects/even-dating/services/developerconnect.googleapis.com x-goog-quota-user=projects/even-dating
[debug] [2025-11-30T04:39:42.104Z] >>> [apiv2][query] GET https://serviceusage.googleapis.com/v1/projects/even-dating/services/cloudbuild.googleapis.com [none]
[debug] [2025-11-30T04:39:42.104Z] >>> [apiv2][(partial)header] GET https://serviceusage.googleapis.com/v1/projects/even-dating/services/cloudbuild.googleapis.com x-goog-quota-user=projects/even-dating
[debug] [2025-11-30T04:39:42.105Z] >>> [apiv2][query] GET https://serviceusage.googleapis.com/v1/projects/even-dating/services/secretmanager.googleapis.com [none]
[debug] [2025-11-30T04:39:42.105Z] >>> [apiv2][(partial)header] GET https://serviceusage.googleapis.com/v1/projects/even-dating/services/secretmanager.googleapis.com x-goog-quota-user=projects/even-dating
[debug] [2025-11-30T04:39:42.106Z] >>> [apiv2][query] GET https://serviceusage.googleapis.com/v1/projects/even-dating/services/run.googleapis.com [none]
[debug] [2025-11-30T04:39:42.106Z] >>> [apiv2][(partial)header] GET https://serviceusage.googleapis.com/v1/projects/even-dating/services/run.googleapis.com x-goog-quota-user=projects/even-dating
[debug] [2025-11-30T04:39:42.107Z] >>> [apiv2][query] GET https://serviceusage.googleapis.com/v1/projects/even-dating/services/artifactregistry.googleapis.com [none]
[debug] [2025-11-30T04:39:42.107Z] >>> [apiv2][(partial)header] GET https://serviceusage.googleapis.com/v1/projects/even-dating/services/artifactregistry.googleapis.com x-goog-quota-user=projects/even-dating
[debug] [2025-11-30T04:39:42.108Z] >>> [apiv2][query] GET https://serviceusage.googleapis.com/v1/projects/even-dating/services/iam.googleapis.com [none]
[debug] [2025-11-30T04:39:42.108Z] >>> [apiv2][(partial)header] GET https://serviceusage.googleapis.com/v1/projects/even-dating/services/iam.googleapis.com x-goog-quota-user=projects/even-dating
[debug] [2025-11-30T04:39:42.434Z] <<< [apiv2][status] GET https://serviceusage.googleapis.com/v1/projects/even-dating/services/secretmanager.googleapis.com 200
[debug] [2025-11-30T04:39:42.434Z] <<< [apiv2][body] GET https://serviceusage.googleapis.com/v1/projects/even-dating/services/secretmanager.googleapis.com [omitted]
[debug] [2025-11-30T04:39:42.442Z] <<< [apiv2][status] GET https://serviceusage.googleapis.com/v1/projects/even-dating/services/run.googleapis.com 200
[debug] [2025-11-30T04:39:42.442Z] <<< [apiv2][body] GET https://serviceusage.googleapis.com/v1/projects/even-dating/services/run.googleapis.com [omitted]
[debug] [2025-11-30T04:39:42.446Z] <<< [apiv2][status] GET https://serviceusage.googleapis.com/v1/projects/even-dating/services/cloudbuild.googleapis.com 200
[debug] [2025-11-30T04:39:42.446Z] <<< [apiv2][body] GET https://serviceusage.googleapis.com/v1/projects/even-dating/services/cloudbuild.googleapis.com [omitted]
[debug] [2025-11-30T04:39:42.451Z] <<< [apiv2][status] GET https://serviceusage.googleapis.com/v1/projects/even-dating/services/artifactregistry.googleapis.com 200
[debug] [2025-11-30T04:39:42.451Z] <<< [apiv2][body] GET https://serviceusage.googleapis.com/v1/projects/even-dating/services/artifactregistry.googleapis.com [omitted]
[debug] [2025-11-30T04:39:42.455Z] <<< [apiv2][status] GET https://serviceusage.googleapis.com/v1/projects/even-dating/services/iam.googleapis.com 200
[debug] [2025-11-30T04:39:42.455Z] <<< [apiv2][body] GET https://serviceusage.googleapis.com/v1/projects/even-dating/services/iam.googleapis.com [omitted]
[debug] [2025-11-30T04:39:42.475Z] <<< [apiv2][status] GET https://serviceusage.googleapis.com/v1/projects/even-dating/services/developerconnect.googleapis.com 200
[debug] [2025-11-30T04:39:42.475Z] <<< [apiv2][body] GET https://serviceusage.googleapis.com/v1/projects/even-dating/services/developerconnect.googleapis.com [omitted]
[debug] [2025-11-30T04:39:42.475Z] Checked if tokens are valid: true, expires at: 1764481122322
[debug] [2025-11-30T04:39:42.475Z] Checked if tokens are valid: true, expires at: 1764481122322
[debug] [2025-11-30T04:39:42.475Z] >>> [apiv2][query] POST https://serviceusage.googleapis.com/v1/projects/even-dating/services/developerconnect.googleapis.com:enable [none]
[debug] [2025-11-30T04:39:42.475Z] >>> [apiv2][(partial)header] POST https://serviceusage.googleapis.com/v1/projects/even-dating/services/developerconnect.googleapis.com:enable x-goog-quota-user=projects/even-dating
[debug] [2025-11-30T04:39:42.800Z] <<< [apiv2][status] POST https://serviceusage.googleapis.com/v1/projects/even-dating/services/developerconnect.googleapis.com:enable 200
[debug] [2025-11-30T04:39:42.800Z] <<< [apiv2][body] POST https://serviceusage.googleapis.com/v1/projects/even-dating/services/developerconnect.googleapis.com:enable [omitted]
[debug] [2025-11-30T04:39:52.813Z] Checked if tokens are valid: true, expires at: 1764481122322
[debug] [2025-11-30T04:39:52.813Z] Checked if tokens are valid: true, expires at: 1764481122322
[debug] [2025-11-30T04:39:52.813Z] >>> [apiv2][query] POST https://iam.googleapis.com/v1/projects/even-dating/serviceAccounts/firebase-app-hosting-compute@even-dating.iam.gserviceaccount.com:testIamPermissions [none]
[debug] [2025-11-30T04:39:52.813Z] >>> [apiv2][(partial)header] POST https://iam.googleapis.com/v1/projects/even-dating/serviceAccounts/firebase-app-hosting-compute@even-dating.iam.gserviceaccount.com:testIamPermissions x-goog-quota-user=projects/even-dating
[debug] [2025-11-30T04:39:52.813Z] >>> [apiv2][body] POST https://iam.googleapis.com/v1/projects/even-dating/serviceAccounts/firebase-app-hosting-compute@even-dating.iam.gserviceaccount.com:testIamPermissions {"permissions":["iam.serviceAccounts.actAs"]}
[debug] [2025-11-30T04:39:53.178Z] <<< [apiv2][status] POST https://iam.googleapis.com/v1/projects/even-dating/serviceAccounts/firebase-app-hosting-compute@even-dating.iam.gserviceaccount.com:testIamPermissions 404
[debug] [2025-11-30T04:39:53.178Z] <<< [apiv2][body] POST https://iam.googleapis.com/v1/projects/even-dating/serviceAccounts/firebase-app-hosting-compute@even-dating.iam.gserviceaccount.com:testIamPermissions {"error":{"code":404,"message":"Unknown service account","status":"NOT_FOUND"}}
[debug] [2025-11-30T04:39:53.179Z] Checked if tokens are valid: true, expires at: 1764481122322
[debug] [2025-11-30T04:39:53.179Z] Checked if tokens are valid: true, expires at: 1764481122322
[debug] [2025-11-30T04:39:53.179Z] >>> [apiv2][query] POST https://iam.googleapis.com/v1/projects/even-dating/serviceAccounts [none]
[debug] [2025-11-30T04:39:53.180Z] >>> [apiv2][body] POST https://iam.googleapis.com/v1/projects/even-dating/serviceAccounts {"accountId":"firebase-app-hosting-compute","serviceAccount":{"displayName":"Firebase App Hosting compute service account","description":"Default service account used to run builds and deploys for Firebase App Hosting"}}
[debug] [2025-11-30T04:39:53.670Z] <<< [apiv2][status] POST https://iam.googleapis.com/v1/projects/even-dating/serviceAccounts 200
[debug] [2025-11-30T04:39:53.670Z] <<< [apiv2][body] POST https://iam.googleapis.com/v1/projects/even-dating/serviceAccounts [omitted]
[debug] [2025-11-30T04:39:53.671Z] Checked if tokens are valid: true, expires at: 1764481122322
[debug] [2025-11-30T04:39:53.671Z] Checked if tokens are valid: true, expires at: 1764481122322
[debug] [2025-11-30T04:39:53.671Z] >>> [apiv2][query] POST https://cloudresourcemanager.googleapis.com/v1/projects/even-dating:getIamPolicy [none]
[debug] [2025-11-30T04:39:54.076Z] <<< [apiv2][status] POST https://cloudresourcemanager.googleapis.com/v1/projects/even-dating:getIamPolicy 200
[debug] [2025-11-30T04:39:54.076Z] <<< [apiv2][body] POST https://cloudresourcemanager.googleapis.com/v1/projects/even-dating:getIamPolicy {"version":1,"etag":"BwZEyHRYnwk=","bindings":[{"role":"roles/cloudbuild.builds.builder","members":["serviceAccount:801278672018@cloudbuild.gserviceaccount.com"]},{"role":"roles/cloudbuild.serviceAgent","members":["serviceAccount:service-801278672018@gcp-sa-cloudbuild.iam.gserviceaccount.com"]},{"role":"roles/containerregistry.ServiceAgent","members":["serviceAccount:service-801278672018@containerregistry.iam.gserviceaccount.com"]},{"role":"roles/editor","members":["serviceAccount:801278672018-compute@developer.gserviceaccount.com"]},{"role":"roles/firebase.managementServiceAgent","members":["serviceAccount:service-801278672018@gcp-sa-firebase.iam.gserviceaccount.com"]},{"role":"roles/firebase.sdkAdminServiceAgent","members":["serviceAccount:firebase-adminsdk-fbsvc@even-dating.iam.gserviceaccount.com"]},{"role":"roles/firebaserules.system","members":["serviceAccount:service-801278672018@firebase-rules.iam.gserviceaccount.com"]},{"role":"roles/firestore.serviceAgent","members":["serviceAccount:service-801278672018@gcp-sa-firestore.iam.gserviceaccount.com"]},{"role":"roles/iam.serviceAccountTokenCreator","members":["serviceAccount:firebase-adminsdk-fbsvc@even-dating.iam.gserviceaccount.com"]},{"role":"roles/owner","members":["user:camdenslade04@gmail.com"]},{"role":"roles/run.serviceAgent","members":["serviceAccount:service-801278672018@serverless-robot-prod.iam.gserviceaccount.com"]}]}
[debug] [2025-11-30T04:39:54.076Z] Checked if tokens are valid: true, expires at: 1764481122322
[debug] [2025-11-30T04:39:54.076Z] Checked if tokens are valid: true, expires at: 1764481122322
[debug] [2025-11-30T04:39:54.077Z] >>> [apiv2][query] POST https://cloudresourcemanager.googleapis.com/v1/projects/even-dating:setIamPolicy [none]
[debug] [2025-11-30T04:39:54.077Z] >>> [apiv2][body] POST https://cloudresourcemanager.googleapis.com/v1/projects/even-dating:setIamPolicy {"policy":{"version":1,"etag":"BwZEyHRYnwk=","bindings":[{"role":"roles/cloudbuild.builds.builder","members":["serviceAccount:801278672018@cloudbuild.gserviceaccount.com"]},{"role":"roles/cloudbuild.serviceAgent","members":["serviceAccount:service-801278672018@gcp-sa-cloudbuild.iam.gserviceaccount.com"]},{"role":"roles/containerregistry.ServiceAgent","members":["serviceAccount:service-801278672018@containerregistry.iam.gserviceaccount.com"]},{"role":"roles/editor","members":["serviceAccount:801278672018-compute@developer.gserviceaccount.com"]},{"role":"roles/firebase.managementServiceAgent","members":["serviceAccount:service-801278672018@gcp-sa-firebase.iam.gserviceaccount.com"]},{"role":"roles/firebase.sdkAdminServiceAgent","members":["serviceAccount:firebase-adminsdk-fbsvc@even-dating.iam.gserviceaccount.com","serviceAccount:firebase-app-hosting-compute@even-dating.iam.gserviceaccount.com"]},{"role":"roles/firebaserules.system","members":["serviceAccount:service-801278672018@firebase-rules.iam.gserviceaccount.com"]},{"role":"roles/firestore.serviceAgent","members":["serviceAccount:service-801278672018@gcp-sa-firestore.iam.gserviceaccount.com"]},{"role":"roles/iam.serviceAccountTokenCreator","members":["serviceAccount:firebase-adminsdk-fbsvc@even-dating.iam.gserviceaccount.com"]},{"role":"roles/owner","members":["user:camdenslade04@gmail.com"]},{"role":"roles/run.serviceAgent","members":["serviceAccount:service-801278672018@serverless-robot-prod.iam.gserviceaccount.com"]},{"role":"roles/firebaseapphosting.computeRunner","members":["serviceAccount:firebase-app-hosting-compute@even-dating.iam.gserviceaccount.com"]},{"role":"roles/developerconnect.readTokenAccessor","members":["serviceAccount:firebase-app-hosting-compute@even-dating.iam.gserviceaccount.com"]},{"role":"roles/storage.objectViewer","members":["serviceAccount:firebase-app-hosting-compute@even-dating.iam.gserviceaccount.com"]}]},"updateMask":"bindings"}
[debug] [2025-11-30T04:39:54.659Z] <<< [apiv2][status] POST https://cloudresourcemanager.googleapis.com/v1/projects/even-dating:setIamPolicy 200
[debug] [2025-11-30T04:39:54.659Z] <<< [apiv2][body] POST https://cloudresourcemanager.googleapis.com/v1/projects/even-dating:setIamPolicy {"version":1,"etag":"BwZEyHVaqog=","bindings":[{"role":"roles/cloudbuild.builds.builder","members":["serviceAccount:801278672018@cloudbuild.gserviceaccount.com"]},{"role":"roles/cloudbuild.serviceAgent","members":["serviceAccount:service-801278672018@gcp-sa-cloudbuild.iam.gserviceaccount.com"]},{"role":"roles/containerregistry.ServiceAgent","members":["serviceAccount:service-801278672018@containerregistry.iam.gserviceaccount.com"]},{"role":"roles/developerconnect.readTokenAccessor","members":["serviceAccount:firebase-app-hosting-compute@even-dating.iam.gserviceaccount.com"]},{"role":"roles/editor","members":["serviceAccount:801278672018-compute@developer.gserviceaccount.com"]},{"role":"roles/firebase.managementServiceAgent","members":["serviceAccount:service-801278672018@gcp-sa-firebase.iam.gserviceaccount.com"]},{"role":"roles/firebase.sdkAdminServiceAgent","members":["serviceAccount:firebase-adminsdk-fbsvc@even-dating.iam.gserviceaccount.com","serviceAccount:firebase-app-hosting-compute@even-dating.iam.gserviceaccount.com"]},{"role":"roles/firebaseapphosting.computeRunner","members":["serviceAccount:firebase-app-hosting-compute@even-dating.iam.gserviceaccount.com"]},{"role":"roles/firebaserules.system","members":["serviceAccount:service-801278672018@firebase-rules.iam.gserviceaccount.com"]},{"role":"roles/firestore.serviceAgent","members":["serviceAccount:service-801278672018@gcp-sa-firestore.iam.gserviceaccount.com"]},{"role":"roles/iam.serviceAccountTokenCreator","members":["serviceAccount:firebase-adminsdk-fbsvc@even-dating.iam.gserviceaccount.com"]},{"role":"roles/owner","members":["user:camdenslade04@gmail.com"]},{"role":"roles/run.serviceAgent","members":["serviceAccount:service-801278672018@serverless-robot-prod.iam.gserviceaccount.com"]},{"role":"roles/storage.objectViewer","members":["serviceAccount:firebase-app-hosting-compute@even-dating.iam.gserviceaccount.com"]}]}
[info] i  This command links your local project to Firebase App Hosting. You will be able to deploy your web app with `firebase deploy` after setup. 
[debug] [2025-11-30T04:40:01.344Z] Checked if tokens are valid: true, expires at: 1764481122322
[debug] [2025-11-30T04:40:01.344Z] Checked if tokens are valid: true, expires at: 1764481122322
[debug] [2025-11-30T04:40:01.344Z] >>> [apiv2][query] GET https://firebaseapphosting.googleapis.com/v1beta/projects/even-dating/locations/-/backends 
[debug] [2025-11-30T04:40:01.988Z] <<< [apiv2][status] GET https://firebaseapphosting.googleapis.com/v1beta/projects/even-dating/locations/-/backends 200
[debug] [2025-11-30T04:40:01.988Z] <<< [apiv2][body] GET https://firebaseapphosting.googleapis.com/v1beta/projects/even-dating/locations/-/backends {}
